<?xml version="1.0" encoding="UTF-8"?>
<testng-results skipped="0" failed="0" ignored="0" total="1" passed="1">
  <reporter-output>
  </reporter-output>
  <suite name="Default suite" duration-ms="32469" started-at="2021-01-21T16:24:36 IST" finished-at="2021-01-21T16:25:08 IST">
    <groups>
    </groups>
    <test name="Default test" duration-ms="32469" started-at="2021-01-21T16:24:36 IST" finished-at="2021-01-21T16:25:08 IST">
      <class name="Testing.com.tesing.Test1">
        <test-method status="PASS" signature="setup()[pri:0, instance:Testing.com.tesing.Test1@24f60b]" name="setup" is-config="true" duration-ms="24048" started-at="2021-01-21T16:24:36 IST" finished-at="2021-01-21T16:25:00 IST">
          <reporter-output>
          </reporter-output>
        </test-method> <!-- setup -->
        <test-method status="PASS" signature="login()[pri:0, instance:Testing.com.tesing.Test1@24f60b]" name="login" duration-ms="8385" started-at="2021-01-21T16:25:00 IST" finished-at="2021-01-21T16:25:08 IST">
          <reporter-output>
          </reporter-output>
        </test-method> <!-- login -->
      </class> <!-- Testing.com.tesing.Test1 -->
    </test> <!-- Default test -->
  </suite> <!-- Default suite -->
</testng-results>
